#
# There is insufficient memory for the Java Runtime Environment to continue.
# Native memory allocation (malloc) failed to allocate 1318896 bytes for Chunk::new
# Possible reasons:
#   The system is out of physical RAM or swap space
#   In 32 bit mode, the process size limit was hit
# Possible solutions:
#   Reduce memory load on the system
#   Increase physical memory or swap space
#   Check if swap backing store is full
#   Use 64 bit Java on a 64 bit OS
#   Decrease Java heap size (-Xmx/-Xms)
#   Decrease number of Java threads
#   Decrease Java thread stack sizes (-Xss)
#   Set larger code cache with -XX:ReservedCodeCacheSize=
# This output file may be truncated or incomplete.
#
#  Out of Memory Error (allocation.cpp:390), pid=1436, tid=0x0000000000001f60
#
# JRE version: OpenJDK Runtime Environment (8.0_152-b02) (build 1.8.0_152-release-1024-b02)
# Java VM: OpenJDK 64-Bit Server VM (25.152-b02 mixed mode windows-amd64 compressed oops)
# Failed to write core dump. Minidumps are not enabled by default on client versions of Windows
#

---------------  T H R E A D  ---------------

Current thread (0x000000001809c000):  JavaThread "C2 CompilerThread1" daemon [_thread_in_native, id=8032, stack(0x0000000019880000,0x0000000019980000)]

Stack: [0x0000000019880000,0x0000000019980000]
[error occurred during error reporting (printing stack bounds), id 0xc0000005]

Native frames: (J=compiled Java code, j=interpreted, Vv=VM code, C=native code)


Current CompileTask:
C2: 214711 12412       4       com.android.tools.r8.ir.optimize.DeadCodeRemover::removeDeadPhis (104 bytes)


---------------  P R O C E S S  ---------------

Java Threads: ( => current thread )
  0x000000001fed4800 JavaThread "ForkJoinPool.commonPool-worker-10" daemon [_thread_blocked, id=12148, stack(0x000000002b0a0000,0x000000002b1a0000)]
  0x000000001feda000 JavaThread "ForkJoinPool.commonPool-worker-8" daemon [_thread_blocked, id=1852, stack(0x000000002afa0000,0x000000002b0a0000)]
  0x000000001fed7800 JavaThread "ForkJoinPool.commonPool-worker-15" daemon [_thread_blocked, id=12104, stack(0x000000002aea0000,0x000000002afa0000)]
  0x000000001fed9000 JavaThread "ForkJoinPool.commonPool-worker-13" daemon [_thread_blocked, id=10944, stack(0x000000002ada0000,0x000000002aea0000)]
  0x000000001fecd000 JavaThread "ForkJoinPool.commonPool-worker-11" daemon [_thread_blocked, id=6992, stack(0x000000002aca0000,0x000000002ada0000)]
  0x000000001fed0000 JavaThread "ForkJoinPool.commonPool-worker-9" daemon [_thread_in_Java, id=10096, stack(0x000000002aba0000,0x000000002aca0000)]
  0x000000001fed3800 JavaThread "ForkJoinPool.commonPool-worker-14" daemon [_thread_blocked, id=11312, stack(0x0000000028b00000,0x0000000028c00000)]
  0x000000001fecc000 JavaThread "ForkJoinPool.commonPool-worker-12" daemon [_thread_in_native, id=12816, stack(0x0000000028a00000,0x0000000028b00000)]
  0x000000001fed3000 JavaThread "ForkJoinPool.commonPool-worker-6" daemon [_thread_blocked, id=3308, stack(0x0000000028900000,0x0000000028a00000)]
  0x000000001fece800 JavaThread "ForkJoinPool.commonPool-worker-4" daemon [_thread_blocked, id=6624, stack(0x0000000027830000,0x0000000027930000)]
  0x000000001fed0800 JavaThread "ForkJoinPool.commonPool-worker-7" daemon [_thread_blocked, id=9096, stack(0x0000000027730000,0x0000000027830000)]
  0x000000001f97e800 JavaThread "ForkJoinPool.commonPool-worker-5" daemon [_thread_blocked, id=5744, stack(0x0000000027630000,0x0000000027730000)]
  0x000000001f97d000 JavaThread "ForkJoinPool.commonPool-worker-1" daemon [_thread_blocked, id=9312, stack(0x0000000027530000,0x0000000027630000)]
  0x000000001f97d800 JavaThread "ForkJoinPool.commonPool-worker-0" daemon [_thread_blocked, id=3200, stack(0x0000000027430000,0x0000000027530000)]
  0x000000001f97c000 JavaThread "ForkJoinPool.commonPool-worker-3" daemon [_thread_blocked, id=1340, stack(0x0000000027330000,0x0000000027430000)]
  0x000000001f97b800 JavaThread "ForkJoinPool.commonPool-worker-2" daemon [_thread_in_Java, id=13004, stack(0x0000000027230000,0x0000000027330000)]
  0x0000000021314800 JavaThread "Task worker for ':' Thread 3" [_thread_blocked, id=8696, stack(0x0000000026430000,0x0000000026530000)]
  0x0000000021313000 JavaThread "Task worker for ':' Thread 2" [_thread_blocked, id=7844, stack(0x0000000026330000,0x0000000026430000)]
  0x0000000021310800 JavaThread "Task worker for ':'" [_thread_blocked, id=1220, stack(0x0000000026230000,0x0000000026330000)]
  0x0000000021312000 JavaThread "Cache worker for Build Output Cleanup Cache (C:\Users\user\AndroidStudioProjects\AndroidProject\FishStickAndroidClient_REST\.gradle\buildOutputCleanup)" [_thread_blocked, id=13216, stack(0x0000000026130000,0x0000000026230000)]
  0x0000000021313800 JavaThread "Cache worker for task history cache (C:\Users\user\AndroidStudioProjects\AndroidProject\FishStickAndroidClient_REST\.gradle\4.4\taskHistory)" [_thread_blocked, id=2064, stack(0x0000000026030000,0x0000000026130000)]
  0x0000000021310000 JavaThread "Cache worker for file content cache (C:\Users\user\AndroidStudioProjects\AndroidProject\FishStickAndroidClient_REST\.gradle\4.4\fileContent)" [_thread_blocked, id=12648, stack(0x0000000025f30000,0x0000000026030000)]
  0x0000000021311800 JavaThread "build operations Thread 4" [_thread_blocked, id=11300, stack(0x0000000025e30000,0x0000000025f30000)]
  0x000000002130f000 JavaThread "build operations Thread 3" [_thread_blocked, id=5328, stack(0x0000000025d30000,0x0000000025e30000)]
  0x0000000021307800 JavaThread "build operations Thread 2" [_thread_blocked, id=6716, stack(0x0000000025c30000,0x0000000025d30000)]
  0x000000002130e800 JavaThread "build operations" [_thread_blocked, id=9552, stack(0x0000000025b30000,0x0000000025c30000)]
  0x0000000021307000 JavaThread "Cache worker for Artifact transforms cache (C:\Users\user\.gradle\caches\transforms-1)" [_thread_blocked, id=11952, stack(0x0000000025a30000,0x0000000025b30000)]
  0x0000000021308800 JavaThread "Cache worker for file hash cache (C:\Users\user\AndroidStudioProjects\AndroidProject\FishStickAndroidClient_REST\.gradle\4.4\fileHashes)" [_thread_blocked, id=2184, stack(0x0000000025930000,0x0000000025a30000)]
  0x0000000021309000 JavaThread "Stdin handler" [_thread_blocked, id=12260, stack(0x0000000025830000,0x0000000025930000)]
  0x000000002130d800 JavaThread "Asynchronous log dispatcher for DefaultDaemonConnection: socket connection from /127.0.0.1:52308 to /127.0.0.1:52632" [_thread_blocked, id=8632, stack(0x0000000025730000,0x0000000025830000)]
  0x000000002130b800 JavaThread "Daemon worker Thread 2" [_thread_blocked, id=12512, stack(0x0000000025630000,0x0000000025730000)]
  0x000000002130a000 JavaThread "Cancel handler" [_thread_blocked, id=12264, stack(0x0000000025530000,0x0000000025630000)]
  0x000000002130c000 JavaThread "Handler for socket connection from /127.0.0.1:52308 to /127.0.0.1:52632" [_thread_in_native, id=10472, stack(0x0000000025430000,0x0000000025530000)]
  0x0000000021306000 JavaThread "Daemon Thread 2" [_thread_blocked, id=11336, stack(0x0000000025330000,0x0000000025430000)]
  0x000000001f97a000 JavaThread "Memory manager" [_thread_blocked, id=9708, stack(0x0000000023960000,0x0000000023a60000)]
  0x000000001f97f000 JavaThread "pool-1-thread-1" [_thread_blocked, id=8244, stack(0x0000000022220000,0x0000000022320000)]
  0x000000001a2d7000 JavaThread "File lock request listener" [_thread_in_native, id=10268, stack(0x000000001eb70000,0x000000001ec70000)]
  0x000000001a39b800 JavaThread "Cache worker for file hash cache (C:\Users\user\.gradle\caches\4.4\fileHashes)" [_thread_blocked, id=9728, stack(0x000000001daa0000,0x000000001dba0000)]
  0x000000001ae49800 JavaThread "Daemon periodic checks" [_thread_blocked, id=5448, stack(0x000000001bfd0000,0x000000001c0d0000)]
  0x000000001ae47800 JavaThread "Incoming local TCP Connector on port 52308" [_thread_in_native, id=6724, stack(0x000000001bd90000,0x000000001be90000)]
  0x0000000019986000 JavaThread "Service Thread" daemon [_thread_blocked, id=9236, stack(0x0000000019e80000,0x0000000019f80000)]
  0x0000000019980800 JavaThread "C1 CompilerThread2" daemon [_thread_blocked, id=8760, stack(0x0000000019d80000,0x0000000019e80000)]
=>0x000000001809c000 JavaThread "C2 CompilerThread1" daemon [_thread_in_native, id=8032, stack(0x0000000019880000,0x0000000019980000)]
  0x0000000018047000 JavaThread "C2 CompilerThread0" daemon [_thread_in_native, id=1232, stack(0x0000000019780000,0x0000000019880000)]
  0x0000000018045800 JavaThread "Attach Listener" daemon [_thread_blocked, id=9756, stack(0x0000000019680000,0x0000000019780000)]
  0x0000000018044800 JavaThread "Signal Dispatcher" daemon [_thread_blocked, id=5232, stack(0x0000000019580000,0x0000000019680000)]
  0x000000000462c000 JavaThread "Finalizer" daemon [_thread_blocked, id=12752, stack(0x0000000019290000,0x0000000019390000)]
  0x0000000004621000 JavaThread "Reference Handler" daemon [_thread_blocked, id=9160, stack(0x0000000019190000,0x0000000019290000)]
  0x00000000046cd800 JavaThread "main" [_thread_blocked, id=4160, stack(0x0000000004420000,0x0000000004520000)]

Other Threads:
  0x0000000018005800 VMThread [stack: 0x0000000019090000,0x0000000019190000] [id=12748]
  0x0000000019989000 WatcherThread [stack: 0x0000000019f80000,0x000000001a080000] [id=1008]

VM state:not at safepoint (normal execution)

VM Mutex/Monitor currently owned by a thread: None

Heap:
 PSYoungGen      total 340992K, used 255598K [0x00000000e0000000, 0x00000000fda00000, 0x0000000100000000)
  eden space 309248K, 74% used [0x00000000e0000000,0x00000000ee222220,0x00000000f2e00000)
  from space 31744K, 75% used [0x00000000f2e00000,0x00000000f4579620,0x00000000f4d00000)
  to   space 33792K, 0% used [0x00000000fb900000,0x00000000fb900000,0x00000000fda00000)
 ParOldGen       total 139776K, used 49066K [0x00000000a0000000, 0x00000000a8880000, 0x00000000e0000000)
  object space 139776K, 35% used [0x00000000a0000000,0x00000000a2fea830,0x00000000a8880000)
 Metaspace       used 69436K, capacity 72122K, committed 72408K, reserved 1112064K
  class space    used 9079K, capacity 9616K, committed 9728K, reserved 1048576K

Card table byte_map: [0x0000000013a90000,0x0000000013da0000] byte_map_base: 0x0000000013590000

Marking Bits: (ParMarkBitMap*) 0x0000000077f84970
 Begin Bits: [0x00000000143a0000, 0x0000000015ba0000)
 End Bits:   [0x0000000015ba0000, 0x00000000173a0000)

Polling page: 0x0000000002bd0000

CodeCache: size=245760Kb used=33731Kb max_used=33731Kb free=212028Kb
 bounds [0x00000000046d0000, 0x00000000067f0000, 0x00000000136d0000]
 total_blobs=11266 nmethods=10465 adapters=712
 compilation: enabled

Compilation events (10 events):
Event: 214.613 Thread 0x0000000019980800 12491       2       com.android.tools.r8.ir.code.InvokeMethod::identicalNonValueNonPositionParts (20 bytes)
Event: 214.614 Thread 0x0000000019980800 nmethod 12491 0x00000000067e3190 code [0x00000000067e3300, 0x00000000067e34a8]
Event: 214.643 Thread 0x0000000019980800 12493 %     3       com.android.tools.r8.ir.code.DominatorTree::strictlyDominatedBy @ 17 (48 bytes)
Event: 214.643 Thread 0x0000000019980800 nmethod 12493% 0x00000000067e3590 code [0x00000000067e3740, 0x00000000067e3cd0]
Event: 214.647 Thread 0x0000000019980800 12494       2       com.android.tools.r8.ir.code.Mul::CreateFloat2Addr (10 bytes)
Event: 214.647 Thread 0x0000000019980800 nmethod 12494 0x00000000067e4010 code [0x00000000067e4180, 0x00000000067e4348]
Event: 214.647 Thread 0x0000000019980800 12495       2       com.android.tools.r8.code.MulFloat2Addr::<init> (7 bytes)
Event: 214.647 Thread 0x0000000019980800 nmethod 12495 0x00000000067e4410 code [0x00000000067e4580, 0x00000000067e46e8]
Event: 214.651 Thread 0x0000000019980800 12496       2       com.android.tools.r8.ir.conversion.JarSourceCode::buildInvoke (147 bytes)
Event: 214.652 Thread 0x0000000019980800 nmethod 12496 0x00000000067e4790 code [0x00000000067e49a0, 0x00000000067e4f98]

GC Heap History (10 events):
Event: 206.050 GC heap before
{Heap before GC invocations=14 (full 3):
 PSYoungGen      total 235520K, used 215040K [0x00000000e0000000, 0x00000000efb80000, 0x0000000100000000)
  eden space 215040K, 100% used [0x00000000e0000000,0x00000000ed200000,0x00000000ed200000)
  from space 20480K, 0% used [0x00000000ee580000,0x00000000ee580000,0x00000000ef980000)
  to   space 19968K, 0% used [0x00000000ed200000,0x00000000ed200000,0x00000000ee580000)
 ParOldGen       total 139776K, used 33649K [0x00000000a0000000, 0x00000000a8880000, 0x00000000e0000000)
  object space 139776K, 24% used [0x00000000a0000000,0x00000000a20dc648,0x00000000a8880000)
 Metaspace       used 66935K, capacity 69286K, committed 69592K, reserved 1110016K
  class space    used 8866K, capacity 9374K, committed 9472K, reserved 1048576K
Event: 206.076 GC heap after
Heap after GC invocations=14 (full 3):
 PSYoungGen      total 235008K, used 19945K [0x00000000e0000000, 0x00000000f2700000, 0x0000000100000000)
  eden space 215040K, 0% used [0x00000000e0000000,0x00000000e0000000,0x00000000ed200000)
  from space 19968K, 99% used [0x00000000ed200000,0x00000000ee57a6b0,0x00000000ee580000)
  to   space 23040K, 0% used [0x00000000f1080000,0x00000000f1080000,0x00000000f2700000)
 ParOldGen       total 139776K, used 34770K [0x00000000a0000000, 0x00000000a8880000, 0x00000000e0000000)
  object space 139776K, 24% used [0x00000000a0000000,0x00000000a21f48d0,0x00000000a8880000)
 Metaspace       used 66935K, capacity 69286K, committed 69592K, reserved 1110016K
  class space    used 8866K, capacity 9374K, committed 9472K, reserved 1048576K
}
Event: 209.500 GC heap before
{Heap before GC invocations=15 (full 3):
 PSYoungGen      total 235008K, used 234985K [0x00000000e0000000, 0x00000000f2700000, 0x0000000100000000)
  eden space 215040K, 100% used [0x00000000e0000000,0x00000000ed200000,0x00000000ed200000)
  from space 19968K, 99% used [0x00000000ed200000,0x00000000ee57a6b0,0x00000000ee580000)
  to   space 23040K, 0% used [0x00000000f1080000,0x00000000f1080000,0x00000000f2700000)
 ParOldGen       total 139776K, used 34770K [0x00000000a0000000, 0x00000000a8880000, 0x00000000e0000000)
  object space 139776K, 24% used [0x00000000a0000000,0x00000000a21f48d0,0x00000000a8880000)
 Metaspace       used 68986K, capacity 71672K, committed 71896K, reserved 1112064K
  class space    used 9065K, capacity 9611K, committed 9728K, reserved 1048576K
Event: 209.527 GC heap after
Heap after GC invocations=15 (full 3):
 PSYoungGen      total 274944K, used 13703K [0x00000000e0000000, 0x00000000f2500000, 0x0000000100000000)
  eden space 253952K, 0% used [0x00000000e0000000,0x00000000e0000000,0x00000000ef800000)
  from space 20992K, 65% used [0x00000000f1080000,0x00000000f1de1dd0,0x00000000f2500000)
  to   space 23040K, 0% used [0x00000000ef800000,0x00000000ef800000,0x00000000f0e80000)
 ParOldGen       total 139776K, used 34778K [0x00000000a0000000, 0x00000000a8880000, 0x00000000e0000000)
  object space 139776K, 24% used [0x00000000a0000000,0x00000000a21f68d0,0x00000000a8880000)
 Metaspace       used 68986K, capacity 71672K, committed 71896K, reserved 1112064K
  class space    used 9065K, capacity 9611K, committed 9728K, reserved 1048576K
}
Event: 212.093 GC heap before
{Heap before GC invocations=16 (full 3):
 PSYoungGen      total 274944K, used 267655K [0x00000000e0000000, 0x00000000f2500000, 0x0000000100000000)
  eden space 253952K, 100% used [0x00000000e0000000,0x00000000ef800000,0x00000000ef800000)
  from space 20992K, 65% used [0x00000000f1080000,0x00000000f1de1dd0,0x00000000f2500000)
  to   space 23040K, 0% used [0x00000000ef800000,0x00000000ef800000,0x00000000f0e80000)
 ParOldGen       total 139776K, used 34778K [0x00000000a0000000, 0x00000000a8880000, 0x00000000e0000000)
  object space 139776K, 24% used [0x00000000a0000000,0x00000000a21f68d0,0x00000000a8880000)
 Metaspace       used 69245K, capacity 71966K, committed 72152K, reserved 1112064K
  class space    used 9071K, capacity 9616K, committed 9728K, reserved 1048576K
Event: 212.176 GC heap after
Heap after GC invocations=16 (full 3):
 PSYoungGen      total 276992K, used 22739K [0x00000000e0000000, 0x00000000f6680000, 0x0000000100000000)
  eden space 253952K, 0% used [0x00000000e0000000,0x00000000e0000000,0x00000000ef800000)
  from space 23040K, 98% used [0x00000000ef800000,0x00000000f0e34e50,0x00000000f0e80000)
  to   space 26112K, 0% used [0x00000000f4d00000,0x00000000f4d00000,0x00000000f6680000)
 ParOldGen       total 139776K, used 34778K [0x00000000a0000000, 0x00000000a8880000, 0x00000000e0000000)
  object space 139776K, 24% used [0x00000000a0000000,0x00000000a21f68d0,0x00000000a8880000)
 Metaspace       used 69245K, capacity 71966K, committed 72152K, reserved 1112064K
  class space    used 9071K, capacity 9616K, committed 9728K, reserved 1048576K
}
Event: 213.005 GC heap before
{Heap before GC invocations=17 (full 3):
 PSYoungGen      total 276992K, used 276691K [0x00000000e0000000, 0x00000000f6680000, 0x0000000100000000)
  eden space 253952K, 100% used [0x00000000e0000000,0x00000000ef800000,0x00000000ef800000)
  from space 23040K, 98% used [0x00000000ef800000,0x00000000f0e34e50,0x00000000f0e80000)
  to   space 26112K, 0% used [0x00000000f4d00000,0x00000000f4d00000,0x00000000f6680000)
 ParOldGen       total 139776K, used 34778K [0x00000000a0000000, 0x00000000a8880000, 0x00000000e0000000)
  object space 139776K, 24% used [0x00000000a0000000,0x00000000a21f68d0,0x00000000a8880000)
 Metaspace       used 69352K, capacity 72034K, committed 72152K, reserved 1112064K
  class space    used 9079K, capacity 9616K, committed 9728K, reserved 1048576K
Event: 213.058 GC heap after
Heap after GC invocations=17 (full 3):
 PSYoungGen      total 335360K, used 26080K [0x00000000e0000000, 0x00000000f8580000, 0x0000000100000000)
  eden space 309248K, 0% used [0x00000000e0000000,0x00000000e0000000,0x00000000f2e00000)
  from space 26112K, 99% used [0x00000000f4d00000,0x00000000f6678080,0x00000000f6680000)
  to   space 31744K, 0% used [0x00000000f2e00000,0x00000000f2e00000,0x00000000f4d00000)
 ParOldGen       total 139776K, used 40598K [0x00000000a0000000, 0x00000000a8880000, 0x00000000e0000000)
  object space 139776K, 29% used [0x00000000a0000000,0x00000000a27a5b98,0x00000000a8880000)
 Metaspace       used 69352K, capacity 72034K, committed 72152K, reserved 1112064K
  class space    used 9079K, capacity 9616K, committed 9728K, reserved 1048576K
}
Event: 213.941 GC heap before
{Heap before GC invocations=18 (full 3):
 PSYoungGen      total 335360K, used 335328K [0x00000000e0000000, 0x00000000f8580000, 0x0000000100000000)
  eden space 309248K, 100% used [0x00000000e0000000,0x00000000f2e00000,0x00000000f2e00000)
  from space 26112K, 99% used [0x00000000f4d00000,0x00000000f6678080,0x00000000f6680000)
  to   space 31744K, 0% used [0x00000000f2e00000,0x00000000f2e00000,0x00000000f4d00000)
 ParOldGen       total 139776K, used 40598K [0x00000000a0000000, 0x00000000a8880000, 0x00000000e0000000)
  object space 139776K, 29% used [0x00000000a0000000,0x00000000a27a5b98,0x00000000a8880000)
 Metaspace       used 69399K, capacity 72114K, committed 72408K, reserved 1112064K
  class space    used 9079K, capacity 9616K, committed 9728K, reserved 1048576K
Event: 213.989 GC heap after
Heap after GC invocations=18 (full 3):
 PSYoungGen      total 340992K, used 24037K [0x00000000e0000000, 0x00000000fda00000, 0x0000000100000000)
  eden space 309248K, 0% used [0x00000000e0000000,0x00000000e0000000,0x00000000f2e00000)
  from space 31744K, 75% used [0x00000000f2e00000,0x00000000f4579620,0x00000000f4d00000)
  to   space 33792K, 0% used [0x00000000fb900000,0x00000000fb900000,0x00000000fda00000)
 ParOldGen       total 139776K, used 49066K [0x00000000a0000000, 0x00000000a8880000, 0x00000000e0000000)
  object space 139776K, 35% used [0x00000000a0000000,0x00000000a2fea830,0x00000000a8880000)
 Metaspace       used 69399K, capacity 72114K, committed 72408K, reserved 1112064K
  class space    used 9079K, capacity 9616K, committed 9728K, reserved 1048576K
}

Deoptimization events (10 events):
Event: 213.416 Thread 0x000000001fed0000 Uncommon trap: reason=class_check action=maybe_recompile pc=0x0000000006611c20 method=com.android.tools.r8.ir.conversion.JarState$LocalsAtOffset.isLive(Lcom/android/tools/r8/graph/DebugLocalInfo;)Z @ 4
Event: 213.434 Thread 0x000000001fed0000 Uncommon trap: reason=unstable_if action=reinterpret pc=0x0000000005d0d9d4 method=com.android.tools.r8.ir.optimize.BasicBlockInstructionsEquivalence.hasIdenticalInstructions(Lcom/android/tools/r8/ir/code/BasicBlock;Lcom/android/tools/r8/ir/code/BasicBlock
Event: 213.507 Thread 0x000000001fed0000 Uncommon trap: reason=unstable_if action=reinterpret pc=0x000000000626f4e0 method=com.android.tools.r8.ir.code.ValueType.isWide()Z @ 4
Event: 213.616 Thread 0x000000001f97b800 Uncommon trap: reason=class_check action=maybe_recompile pc=0x000000000673940c method=com.android.tools.r8.ir.regalloc.LinearScanRegisterAllocator.needsArrayGetWideWorkaround(Lcom/android/tools/r8/ir/regalloc/LiveIntervals;)Z @ 26
Event: 213.732 Thread 0x000000001fed4800 Uncommon trap: reason=unstable_if action=reinterpret pc=0x0000000005f087f8 method=com.android.tools.r8.graph.DexString.decode()Ljava/lang/String; @ 53
Event: 214.174 Thread 0x000000001fecd000 Uncommon trap: reason=unstable_if action=reinterpret pc=0x000000000651f264 method=com.android.tools.r8.ir.code.Instruction.replaceDebugValue(Lcom/android/tools/r8/ir/code/Value;Lcom/android/tools/r8/ir/code/Value;)V @ 17
Event: 214.248 Thread 0x000000001fecd000 Uncommon trap: reason=unstable_if action=reinterpret pc=0x0000000005550394 method=com.android.tools.r8.ir.regalloc.RegisterPositions.hasType(ILcom/android/tools/r8/ir/regalloc/RegisterPositions$Type;)Z @ 57
Event: 214.248 Thread 0x000000001fecd000 Uncommon trap: reason=unstable_if action=reinterpret pc=0x00000000061d95dc method=com.android.tools.r8.ir.regalloc.RegisterPositions.hasType(ILcom/android/tools/r8/ir/regalloc/RegisterPositions$Type;)Z @ 57
Event: 214.271 Thread 0x000000001f97b800 Uncommon trap: reason=unstable_if action=reinterpret pc=0x0000000006780c84 method=com.android.tools.r8.ir.regalloc.LinearScanRegisterAllocator.nextInRange(IILjava/util/List;)Ljava/lang/Integer; @ 86
Event: 214.284 Thread 0x000000001f97b800 Uncommon trap: reason=unstable_if action=reinterpret pc=0x000000000623f524 method=com.android.tools.r8.ir.code.Position.equals(Ljava/lang/Object;)Z @ 34

Classes redefined (0 events):
No events

Internal exceptions (10 events):
Event: 206.270 Thread 0x0000000021310800 Exception <a 'sun/nio/fs/WindowsException'> (0x00000000e0046e58) thrown at [D:\src\AOSP-openjdk-cygwin\jdk8u\hotspot\src\share\vm\prims\jni.cpp, line 709]
Event: 206.493 Thread 0x0000000021310800 Exception <a 'sun/nio/fs/WindowsException'> (0x00000000e0ee90f0) thrown at [D:\src\AOSP-openjdk-cygwin\jdk8u\hotspot\src\share\vm\prims\jni.cpp, line 709]
Event: 206.493 Thread 0x0000000021310800 Exception <a 'sun/nio/fs/WindowsException'> (0x00000000e0ee9c30) thrown at [D:\src\AOSP-openjdk-cygwin\jdk8u\hotspot\src\share\vm\prims\jni.cpp, line 709]
Event: 206.493 Thread 0x0000000021310800 Exception <a 'sun/nio/fs/WindowsException'> (0x00000000e0eeb180) thrown at [D:\src\AOSP-openjdk-cygwin\jdk8u\hotspot\src\share\vm\prims\jni.cpp, line 709]
Event: 207.513 Thread 0x000000001f97e800 Implicit null exception at 0x00000000063adf8a to 0x00000000063b06c9
Event: 210.380 Thread 0x000000001f97d000 Implicit null exception at 0x00000000053de1fe to 0x00000000053de433
Event: 211.601 Thread 0x000000001feda000 Exception <a 'sun/nio/fs/WindowsException'> (0x00000000e9489eb8) thrown at [D:\src\AOSP-openjdk-cygwin\jdk8u\hotspot\src\share\vm\prims\jni.cpp, line 709]
Event: 211.713 Thread 0x000000001f97b800 Implicit null exception at 0x00000000065ded49 to 0x00000000065e0d25
Event: 211.786 Thread 0x000000001f97b800 Implicit null exception at 0x000000000486bd67 to 0x000000000486c259
Event: 214.174 Thread 0x000000001fecd000 Implicit null exception at 0x000000000651b118 to 0x000000000651f231

Events (10 events):
Event: 214.610 Thread 0x000000001fed4800 DEOPT PACKING pc=0x00000000067ba4f5 sp=0x000000002b19eda0
Event: 214.610 Thread 0x000000001fed4800 DEOPT UNPACKING pc=0x00000000047175d0 sp=0x000000002b19ec00 mode 0
Event: 214.626 Thread 0x000000001fed4800 DEOPT PACKING pc=0x00000000062b49ce sp=0x000000002b19ee00
Event: 214.626 Thread 0x000000001fed4800 DEOPT UNPACKING pc=0x00000000047175d0 sp=0x000000002b19ec30 mode 0
Event: 214.626 Thread 0x000000001f97b800 DEOPT PACKING pc=0x0000000005f2d43f sp=0x000000002732ef40
Event: 214.626 Thread 0x000000001f97b800 DEOPT UNPACKING pc=0x00000000047175d0 sp=0x000000002732ec58 mode 0
Event: 214.630 Thread 0x000000001fed4800 DEOPT PACKING pc=0x00000000067ba4f5 sp=0x000000002b19eda0
Event: 214.630 Thread 0x000000001fed4800 DEOPT UNPACKING pc=0x00000000047175d0 sp=0x000000002b19ec00 mode 0
Event: 214.651 Thread 0x000000001f97e800 DEOPT PACKING pc=0x0000000005e84093 sp=0x000000002772e470
Event: 214.651 Thread 0x000000001f97e800 DEOPT UNPACKING pc=0x00000000047175d0 sp=0x000000002772e1a8 mode 0


Dynamic libraries:
0x00007ff6a9090000 - 0x00007ff6a90c1000 	C:\Program Files\Android\Android Studio\jre\bin\java.exe
0x00007ffcee110000 - 0x00007ffcee2f0000 	C:\WINDOWS\SYSTEM32\ntdll.dll
0x00007ffcec190000 - 0x00007ffcec23e000 	C:\WINDOWS\System32\KERNEL32.DLL
0x00007ffcead60000 - 0x00007ffceafc6000 	C:\WINDOWS\System32\KERNELBASE.dll
0x00007ffcecac0000 - 0x00007ffcecb61000 	C:\WINDOWS\System32\ADVAPI32.dll
0x00007ffcebc80000 - 0x00007ffcebd1d000 	C:\WINDOWS\System32\msvcrt.dll
0x00007ffcec240000 - 0x00007ffcec29b000 	C:\WINDOWS\System32\sechost.dll
0x00007ffcec710000 - 0x00007ffcec82f000 	C:\WINDOWS\System32\RPCRT4.dll
0x00007ffcec470000 - 0x00007ffcec5ff000 	C:\WINDOWS\System32\USER32.dll
0x00007ffceb520000 - 0x00007ffceb540000 	C:\WINDOWS\System32\win32u.dll
0x00007ffcecb70000 - 0x00007ffcecb98000 	C:\WINDOWS\System32\GDI32.dll
0x00007ffceb0a0000 - 0x00007ffceb233000 	C:\WINDOWS\System32\gdi32full.dll
0x00007ffceb540000 - 0x00007ffceb5db000 	C:\WINDOWS\System32\msvcp_win.dll
0x00007ffcea510000 - 0x00007ffcea606000 	C:\WINDOWS\System32\ucrtbase.dll
0x00007ffce3020000 - 0x00007ffce3289000 	C:\WINDOWS\WinSxS\amd64_microsoft.windows.common-controls_6595b64144ccf1df_6.0.16299.371_none_15c7d1789365a290\COMCTL32.dll
0x00007ffceb750000 - 0x00007ffceba58000 	C:\WINDOWS\System32\combase.dll
0x00007ffceb020000 - 0x00007ffceb092000 	C:\WINDOWS\System32\bcryptPrimitives.dll
0x00007ffcee0b0000 - 0x00007ffcee0dd000 	C:\WINDOWS\System32\IMM32.DLL
0x0000000050590000 - 0x0000000050662000 	C:\Program Files\Android\Android Studio\jre\jre\bin\msvcr100.dll
0x00000000777c0000 - 0x0000000077fff000 	C:\Program Files\Android\Android Studio\jre\jre\bin\server\jvm.dll
0x00007ffcec980000 - 0x00007ffcec988000 	C:\WINDOWS\System32\PSAPI.DLL
0x00007ffcdb650000 - 0x00007ffcdb659000 	C:\WINDOWS\SYSTEM32\WSOCK32.dll
0x00007ffcec990000 - 0x00007ffcec9fc000 	C:\WINDOWS\System32\WS2_32.dll
0x00007ffce34f0000 - 0x00007ffce3513000 	C:\WINDOWS\SYSTEM32\WINMM.dll
0x00007ffcdfb50000 - 0x00007ffcdfb5a000 	C:\WINDOWS\SYSTEM32\VERSION.dll
0x00007ffce3490000 - 0x00007ffce34ba000 	C:\WINDOWS\SYSTEM32\WINMMBASE.dll
0x00007ffceafd0000 - 0x00007ffceb01a000 	C:\WINDOWS\System32\cfgmgr32.dll
0x00007ffce5ec0000 - 0x00007ffce5ecf000 	C:\Program Files\Android\Android Studio\jre\jre\bin\verify.dll
0x00007ffce4590000 - 0x00007ffce45b9000 	C:\Program Files\Android\Android Studio\jre\jre\bin\java.dll
0x00007ffce4570000 - 0x00007ffce4586000 	C:\Program Files\Android\Android Studio\jre\jre\bin\zip.dll
0x00007ffcecc10000 - 0x00007ffcee046000 	C:\WINDOWS\System32\SHELL32.dll
0x00007ffceca10000 - 0x00007ffcecab6000 	C:\WINDOWS\System32\shcore.dll
0x00007ffcea610000 - 0x00007ffcead57000 	C:\WINDOWS\System32\windows.storage.dll
0x00007ffcee050000 - 0x00007ffcee0a1000 	C:\WINDOWS\System32\shlwapi.dll
0x00007ffcea4f0000 - 0x00007ffcea501000 	C:\WINDOWS\System32\kernel.appcore.dll
0x00007ffcea480000 - 0x00007ffcea4cc000 	C:\WINDOWS\System32\powrprof.dll
0x00007ffcea460000 - 0x00007ffcea47b000 	C:\WINDOWS\System32\profapi.dll
0x00007ffce4550000 - 0x00007ffce456a000 	C:\Program Files\Android\Android Studio\jre\jre\bin\net.dll
0x00007ffce9cf0000 - 0x00007ffce9d56000 	C:\WINDOWS\system32\mswsock.dll
0x00007ffce4530000 - 0x00007ffce4541000 	C:\Program Files\Android\Android Studio\jre\jre\bin\nio.dll
0x00007ffce5930000 - 0x00007ffce594e000 	C:\Users\user\.gradle\native\25\windows-amd64\native-platform.dll
0x00007ffce59b0000 - 0x00007ffce59bd000 	C:\Program Files\Android\Android Studio\jre\jre\bin\management.dll
0x00007ffce9eb0000 - 0x00007ffce9ec7000 	C:\WINDOWS\SYSTEM32\CRYPTSP.dll
0x00007ffce98f0000 - 0x00007ffce9923000 	C:\WINDOWS\system32\rsaenh.dll
0x00007ffce9fc0000 - 0x00007ffce9fe5000 	C:\WINDOWS\SYSTEM32\bcrypt.dll
0x00007ffcea360000 - 0x00007ffcea389000 	C:\WINDOWS\SYSTEM32\USERENV.dll
0x00007ffce9ed0000 - 0x00007ffce9edb000 	C:\WINDOWS\SYSTEM32\CRYPTBASE.dll
0x00007ffce9a80000 - 0x00007ffce9ab9000 	C:\WINDOWS\SYSTEM32\IPHLPAPI.DLL
0x00007ffceca00000 - 0x00007ffceca08000 	C:\WINDOWS\System32\NSI.dll
0x00007ffce4b10000 - 0x00007ffce4b26000 	C:\WINDOWS\SYSTEM32\dhcpcsvc6.DLL
0x00007ffce4af0000 - 0x00007ffce4b0a000 	C:\WINDOWS\SYSTEM32\dhcpcsvc.DLL

VM Arguments:
jvm_args: -Xmx1536m -Dfile.encoding=windows-1252 -Duser.country=US -Duser.language=en -Duser.variant 
java_command: org.gradle.launcher.daemon.bootstrap.GradleDaemon 4.4
java_class_path (initial): C:\Users\user\.gradle\wrapper\dists\gradle-4.4-all\9br9xq1tocpiv8o6njlyu5op1\gradle-4.4\lib\gradle-launcher-4.4.jar
Launcher Type: SUN_STANDARD

Environment Variables:
JAVA_HOME=C:\Program Files\Java\jdk1.8.0_121
PATH=C:\app\oracleuser\product\12.1.0\dbhome_1\bin;C:\ProgramData\Oracle\Java\javapath;C:\Program Files\Java\jdk1.8.0_121\;C:\Program Files\Java\jdk1.8.0_121\bin;C:\WINDOWS\system32;C:\WINDOWS;C:\WINDOWS\System32\Wbem;C:\WINDOWS\System32\WindowsPowerShell\v1.0\;C:\Program Files\MySQL\MySQL Utilities 1.6\;C:\Program Files\dotnet\;C:\Program Files\Microsoft SQL Server\130\Tools\Binn\;C:\Users\user\AppData\Local\Programs\Python\Python36-32\Scripts\;C:\Users\user\AppData\Local\Programs\Python\Python36-32\;C:\Users\user\AppData\Local\Microsoft\WindowsApps;;C:\Program Files\Microsoft VS Code\bin
USERNAME=user
OS=Windows_NT
PROCESSOR_IDENTIFIER=Intel64 Family 6 Model 69 Stepping 1, GenuineIntel



---------------  S Y S T E M  ---------------

OS: Windows 10.0 , 64 bit Build 16299 (10.0.16299.15)

CPU:total 4 (initial active 4) (2 cores per cpu, 2 threads per core) family 6 model 69 stepping 1, cmov, cx8, fxsr, mmx, sse, sse2, sse3, ssse3, sse4.1, sse4.2, popcnt, avx, avx2, aes, clmul, erms, lzcnt, ht, tsc, tscinvbit, bmi1, bmi2

Memory: 4k page, physical 8291760k(1988836k free), swap 10032560k(3844k free)

vm_info: OpenJDK 64-Bit Server VM (25.152-b02) for windows-amd64 JRE (1.8.0_152-release-1024-b02), built by "builder" with MS VC++ 10.0 (VS2010)

time: Sat Apr 14 01:32:58 2018
elapsed time: 214 seconds (0d 0h 3m 34s)

